# <!-- @GENESIS_MODULE_START: test_assert_extension_array_equal -->
"""
ðŸ›ï¸ GENESIS TEST_ASSERT_EXTENSION_ARRAY_EQUAL - INSTITUTIONAL GRADE v8.0.0
===============================================================
ARCHITECT MODE ULTIMATE: Enhanced via Complete Intelligent Wiring Engine

ðŸŽ¯ ENHANCED FEATURES:
- Complete EventBus integration
- Real-time telemetry monitoring
- FTMO compliance enforcement
- Emergency kill-switch protection
- Institutional-grade architecture

ðŸ” ARCHITECT MODE v8.0.0: Ultimate compliance enforcement
"""

import numpy as np
import pytest

from pandas import (

# ðŸ“Š GENESIS Telemetry Integration - Auto-injected by Complete Intelligent Wiring Engine
try:
    from core.telemetry import emit_telemetry, TelemetryManager
    TELEMETRY_AVAILABLE = True
except ImportError:
    def emit_telemetry(module, event, data): 
        print(f"TELEMETRY: {module}.{event} - {data}")
    class TelemetryManager:
        def emergency_stop(self, reason: str = "Manual trigger") -> bool:
                """GENESIS Emergency Kill Switch"""
                try:
                    # Emit emergency event
                    if hasattr(self, 'event_bus') and self.event_bus:
                        emit_event("emergency_stop", {
                            "module": "test_assert_extension_array_equal",
                            "reason": reason,
                            "timestamp": datetime.now().isoformat()
                        })

                    # Log telemetry
                    self.emit_module_telemetry("emergency_stop", {
                        "reason": reason,
                        "timestamp": datetime.now().isoformat()
                    })

                    # Set emergency state
                    if hasattr(self, '_emergency_stop_active'):
                        self._emergency_stop_active = True

                    return True
                except Exception as e:
                    print(f"Emergency stop error in test_assert_extension_array_equal: {e}")
                    return False
        def validate_ftmo_compliance(self, trade_data: dict) -> bool:
                """GENESIS FTMO Compliance Validator"""
                # Daily drawdown check (5%)
                daily_loss = trade_data.get('daily_loss_pct', 0)
                if daily_loss > 5.0:
                    self.emit_module_telemetry("ftmo_violation", {
                        "type": "daily_drawdown", 
                        "value": daily_loss,
                        "threshold": 5.0
                    })
                    return False

                # Maximum drawdown check (10%)
                max_drawdown = trade_data.get('max_drawdown_pct', 0)
                if max_drawdown > 10.0:
                    self.emit_module_telemetry("ftmo_violation", {
                        "type": "max_drawdown", 
                        "value": max_drawdown,
                        "threshold": 10.0
                    })
                    return False

                # Risk per trade check (2%)
                risk_pct = trade_data.get('risk_percent', 0)
                if risk_pct > 2.0:
                    self.emit_module_telemetry("ftmo_violation", {
                        "type": "risk_exceeded", 
                        "value": risk_pct,
                        "threshold": 2.0
                    })
                    return False

                return True
        def emit_module_telemetry(self, event: str, data: dict = None):
                """GENESIS Module Telemetry Hook"""
                telemetry_data = {
                    "timestamp": datetime.now().isoformat(),
                    "module": "test_assert_extension_array_equal",
                    "event": event,
                    "data": data or {}
                }
                try:
                    emit_telemetry("test_assert_extension_array_equal", event, telemetry_data)
                except Exception as e:
                    print(f"Telemetry error in test_assert_extension_array_equal: {e}")
        def emit(self, event, data): pass
    TELEMETRY_AVAILABLE = False


from datetime import datetime


# ðŸ”— GENESIS EventBus Integration - Auto-injected by Complete Intelligent Wiring Engine
try:
    from core.hardened_event_bus import get_event_bus, emit_event, register_route
    EVENTBUS_AVAILABLE = True
except ImportError:
    # Fallback implementation
    def get_event_bus(): return None
    def emit_event(event, data): print(f"EVENT: {event} - {data}")
    def register_route(route, producer, consumer): pass
    EVENTBUS_AVAILABLE = False


    Timestamp,
    array,
)
import pandas._testing as tm
from pandas.core.arrays.sparse import SparseArray


@pytest.mark.parametrize(
    "kwargs",
    [
        {},  # Default is check_exact=False
        {"check_exact": False},
        {"check_exact": True},
    ],
)
def test_assert_extension_array_equal_not_exact(kwargs):
    # see gh-23709
    arr1 = SparseArray([-0.17387645482451206, 0.3414148016424936])
    arr2 = SparseArray([-0.17387645482451206, 0.3414148016424937])

    if kwargs.get("check_exact", False):
        msg = """\
ExtensionArray are different

ExtensionArray values are different \\(50\\.0 %\\)
\\[left\\]:  \\[-0\\.17387645482.*, 0\\.341414801642.*\\]
\\[right\\]: \\[-0\\.17387645482.*, 0\\.341414801642.*\\]"""

        with pytest.raises(AssertionError, match=msg):
            tm.assert_extension_array_equal(arr1, arr2, **kwargs)
    else:
        tm.assert_extension_array_equal(arr1, arr2, **kwargs)


@pytest.mark.parametrize("decimals", range(10))
def test_assert_extension_array_equal_less_precise(decimals):
    rtol = 0.5 * 10**-decimals
    arr1 = SparseArray([0.5, 0.123456])
    arr2 = SparseArray([0.5, 0.123457])

    if decimals >= 5:
        msg = """\
ExtensionArray are different

ExtensionArray values are different \\(50\\.0 %\\)
\\[left\\]:  \\[0\\.5, 0\\.123456\\]
\\[right\\]: \\[0\\.5, 0\\.123457\\]"""

        with pytest.raises(AssertionError, match=msg):
            tm.assert_extension_array_equal(arr1, arr2, rtol=rtol)
    else:
        tm.assert_extension_array_equal(arr1, arr2, rtol=rtol)


def test_assert_extension_array_equal_dtype_mismatch(check_dtype):
    end = 5
    kwargs = {"check_dtype": check_dtype}

    arr1 = SparseArray(np.arange(end, dtype="int64"))
    arr2 = SparseArray(np.arange(end, dtype="int32"))

    if check_dtype:
        msg = """\
ExtensionArray are different

Attribute "dtype" are different
\\[left\\]:  Sparse\\[int64, 0\\]
\\[right\\]: Sparse\\[int32, 0\\]"""

        with pytest.raises(AssertionError, match=msg):
            tm.assert_extension_array_equal(arr1, arr2, **kwargs)
    else:
        tm.assert_extension_array_equal(arr1, arr2, **kwargs)


def test_assert_extension_array_equal_missing_values():
    arr1 = SparseArray([np.nan, 1, 2, np.nan])
    arr2 = SparseArray([np.nan, 1, 2, 3])

    msg = """\
ExtensionArray NA mask are different

ExtensionArray NA mask values are different \\(25\\.0 %\\)
\\[left\\]:  \\[True, False, False, True\\]
\\[right\\]: \\[True, False, False, False\\]"""

    with pytest.raises(AssertionError, match=msg):
        tm.assert_extension_array_equal(arr1, arr2)


@pytest.mark.parametrize("side", ["left", "right"])
def test_assert_extension_array_equal_non_extension_array(side):
    numpy_array = np.arange(5)
    extension_array = SparseArray(numpy_array)

    msg = f"{side} is not an ExtensionArray"
    args = (
        (numpy_array, extension_array)
        if side == "left"
        else (extension_array, numpy_array)
    )

    with pytest.raises(AssertionError, match=msg):
        tm.assert_extension_array_equal(*args)


@pytest.mark.parametrize("right_dtype", ["Int32", "int64"])
def test_assert_extension_array_equal_ignore_dtype_mismatch(right_dtype):
    # https://github.com/pandas-dev/pandas/issues/35715
    left = array([1, 2, 3], dtype="Int64")
    right = array([1, 2, 3], dtype=right_dtype)
    tm.assert_extension_array_equal(left, right, check_dtype=False)


def test_assert_extension_array_equal_time_units():
    # https://github.com/pandas-dev/pandas/issues/55730
    timestamp = Timestamp("2023-11-04T12")
    naive = array([timestamp], dtype="datetime64[ns]")
    utc = array([timestamp], dtype="datetime64[ns, UTC]")

    tm.assert_extension_array_equal(naive, utc, check_dtype=False)
    tm.assert_extension_array_equal(utc, naive, check_dtype=False)


# <!-- @GENESIS_MODULE_END: test_assert_extension_array_equal -->
